SF:lib\login.dart
DA:9,2
DA:11,0
DA:12,0
DA:14,0
DA:15,0
DA:16,0
DA:17,0
DA:18,0
DA:19,0
DA:20,0
DA:21,0
DA:22,0
DA:31,1
DA:33,1
DA:34,1
DA:36,1
DA:37,1
DA:38,1
DA:40,1
DA:47,1
DA:49,1
DA:51,1
DA:52,1
DA:62,1
DA:65,1
DA:67,1
DA:68,1
DA:78,1
DA:79,0
DA:80,0
DA:81,0
DA:82,0
DA:84,0
DA:85,0
DA:86,0
DA:88,0
DA:90,0
DA:91,0
DA:96,1
DA:97,1
DA:106,1
DA:108,1
DA:110,2
DA:111,1
DA:113,4
DA:115,2
DA:117,1
DA:123,2
DA:124,1
LF:49
LH:28
end_of_record
SF:lib\create_profile.dart
DA:8,2
DA:10,1
DA:11,1
DA:19,0
DA:20,0
DA:27,1
DA:29,1
DA:30,1
DA:31,1
DA:34,1
DA:35,1
DA:37,1
DA:39,1
DA:41,1
DA:42,0
DA:43,0
DA:44,0
DA:55,1
DA:56,0
DA:57,0
DA:58,0
DA:70,1
DA:71,1
DA:80,2
DA:81,1
DA:82,1
DA:84,1
DA:90,0
DA:92,0
DA:93,0
DA:110,1
DA:111,0
DA:114,0
DA:116,0
DA:117,0
DA:124,1
DA:125,0
DA:127,0
DA:132,1
DA:133,0
DA:135,0
LF:41
LH:22
end_of_record
SF:lib\swiping_page.dart
DA:11,0
DA:13,0
DA:14,0
DA:20,0
DA:21,0
DA:22,0
DA:25,0
DA:28,0
DA:29,0
DA:33,0
DA:35,0
DA:36,0
DA:37,0
DA:38,0
DA:45,0
DA:46,0
DA:47,0
DA:51,0
DA:52,0
DA:53,0
DA:57,0
DA:59,0
DA:60,0
DA:61,0
DA:62,0
DA:63,0
DA:64,0
DA:65,0
DA:67,0
DA:68,0
DA:69,0
DA:70,0
DA:72,0
DA:73,0
DA:75,0
DA:76,0
DA:77,0
DA:78,0
DA:79,0
DA:81,0
DA:82,0
DA:83,0
DA:85,0
DA:88,0
DA:90,0
DA:91,0
DA:92,0
DA:93,0
DA:94,0
DA:96,0
DA:97,0
DA:99,0
DA:100,0
DA:101,0
DA:111,0
DA:112,0
DA:113,0
DA:114,0
DA:116,0
DA:117,0
DA:118,0
DA:119,0
LF:62
LH:0
end_of_record
SF:lib\profile.dart
DA:6,0
LF:1
LH:0
end_of_record
