SF:lib\create_profile.dart
DA:9,3
DA:11,2
DA:12,2
DA:19,0
DA:20,0
DA:27,2
DA:29,2
DA:30,2
DA:31,2
DA:34,2
DA:35,2
DA:37,2
DA:39,2
DA:41,2
DA:42,1
DA:43,2
DA:44,1
DA:56,2
DA:57,1
DA:58,2
DA:59,1
DA:96,2
DA:97,0
DA:100,0
DA:102,0
DA:103,0
DA:107,2
DA:110,2
DA:111,0
DA:113,0
DA:118,2
DA:119,0
DA:121,0
LF:33
LH:23
end_of_record
SF:lib\swiping_page.dart
DA:12,0
DA:14,0
DA:15,0
DA:21,0
DA:22,0
DA:23,0
DA:26,0
DA:29,0
DA:30,0
DA:34,0
DA:36,0
DA:37,0
DA:38,0
DA:39,0
DA:46,0
DA:47,0
DA:48,0
DA:52,0
DA:53,0
DA:54,0
DA:58,0
DA:60,0
DA:61,0
DA:62,0
DA:63,0
DA:64,0
DA:65,0
DA:66,0
DA:68,0
DA:69,0
DA:70,0
DA:71,0
DA:73,0
DA:74,0
DA:76,0
DA:77,0
DA:78,0
DA:79,0
DA:80,0
DA:82,0
DA:83,0
DA:84,0
DA:86,0
DA:89,0
DA:91,0
DA:92,0
DA:93,0
DA:94,0
DA:95,0
DA:97,0
DA:98,0
DA:100,0
DA:101,0
DA:102,0
DA:112,0
DA:113,0
DA:114,0
DA:115,0
DA:117,0
DA:118,0
DA:119,0
DA:120,0
LF:62
LH:0
end_of_record
SF:lib\profile.dart
DA:6,0
LF:1
LH:0
end_of_record
SF:lib\login.dart
DA:9,1
DA:11,0
DA:12,0
DA:14,0
DA:15,0
DA:16,0
DA:17,0
DA:18,0
DA:19,0
DA:20,0
DA:21,0
DA:22,0
DA:31,1
DA:33,1
DA:34,1
DA:36,1
DA:37,1
DA:38,1
DA:40,1
DA:47,1
DA:49,1
DA:51,1
DA:52,1
DA:62,1
DA:65,1
DA:67,1
DA:68,1
DA:78,1
DA:79,0
DA:80,0
DA:81,0
DA:82,0
DA:84,0
DA:85,0
DA:86,0
DA:88,0
DA:90,0
DA:91,0
DA:96,1
DA:97,1
DA:106,1
DA:108,1
DA:110,2
DA:111,1
DA:113,4
DA:115,2
DA:117,1
DA:122,3
LF:48
LH:27
end_of_record
